[2021-01-15 12:29:18,276] SEVERE {b7a.log.crash} - distributeContent function invocation failed: null 
org.ballerinalang.jvm.util.exceptions.BallerinaException: distributeContent function invocation failed: null
	at org.ballerinalang.jvm.values.connector.Executor.lambda$executeFunction$1(Executor.java:138)
	at org.ballerinalang.jvm.scheduling.SchedulerItem.execute(Scheduler.java:482)
	at org.ballerinalang.jvm.scheduling.Scheduler.run(Scheduler.java:263)
	at org.ballerinalang.jvm.scheduling.Scheduler.runSafely(Scheduler.java:231)
	at org.ballerinalang.jvm.scheduling.Scheduler.start(Scheduler.java:218)
	at mosip.hubinit.___init.main(hubinit)
 
[2021-01-15 12:48:51,118] SEVERE {b7a.log.crash} - distributeContent function invocation failed: null 
org.ballerinalang.jvm.util.exceptions.BallerinaException: distributeContent function invocation failed: null
	at org.ballerinalang.jvm.values.connector.Executor.lambda$executeFunction$1(Executor.java:138)
	at org.ballerinalang.jvm.scheduling.SchedulerItem.execute(Scheduler.java:482)
	at org.ballerinalang.jvm.scheduling.Scheduler.run(Scheduler.java:263)
	at org.ballerinalang.jvm.scheduling.Scheduler.runSafely(Scheduler.java:231)
	at java.lang.Thread.run(Thread.java:748)
 
[2021-01-15 12:52:32,268] SEVERE {b7a.log.crash} - distributeContent function invocation failed: null 
org.ballerinalang.jvm.util.exceptions.BallerinaException: distributeContent function invocation failed: null
	at org.ballerinalang.jvm.values.connector.Executor.lambda$executeFunction$1(Executor.java:138)
	at org.ballerinalang.jvm.scheduling.SchedulerItem.execute(Scheduler.java:482)
	at org.ballerinalang.jvm.scheduling.Scheduler.run(Scheduler.java:263)
	at org.ballerinalang.jvm.scheduling.Scheduler.runSafely(Scheduler.java:231)
	at java.lang.Thread.run(Thread.java:748)
 
[2021-01-15 12:55:59,349] SEVERE {b7a.log.crash} - distributeContent function invocation failed: null 
org.ballerinalang.jvm.util.exceptions.BallerinaException: distributeContent function invocation failed: null
	at org.ballerinalang.jvm.values.connector.Executor.lambda$executeFunction$1(Executor.java:138)
	at org.ballerinalang.jvm.scheduling.SchedulerItem.execute(Scheduler.java:482)
	at org.ballerinalang.jvm.scheduling.Scheduler.run(Scheduler.java:263)
	at org.ballerinalang.jvm.scheduling.Scheduler.runSafely(Scheduler.java:231)
	at java.lang.Thread.run(Thread.java:748)
 
[2021-01-15 13:01:40,412] SEVERE {b7a.log.crash} - distributeContent function invocation failed: null 
org.ballerinalang.jvm.util.exceptions.BallerinaException: distributeContent function invocation failed: null
	at org.ballerinalang.jvm.values.connector.Executor.lambda$executeFunction$1(Executor.java:138)
	at org.ballerinalang.jvm.scheduling.SchedulerItem.execute(Scheduler.java:482)
	at org.ballerinalang.jvm.scheduling.Scheduler.run(Scheduler.java:263)
	at org.ballerinalang.jvm.scheduling.Scheduler.runSafely(Scheduler.java:231)
	at org.ballerinalang.jvm.scheduling.Scheduler.start(Scheduler.java:218)
	at mosip.hubinit.___init.main(hubinit)
 
[2021-01-15 13:09:32,088] SEVERE {b7a.log.crash} - null 
java.lang.NullPointerException
	at org.wso2.ballerinalang.compiler.desugar.Desugar.desugarObjectTypeInit(Desugar.java:3744)
	at org.wso2.ballerinalang.compiler.desugar.Desugar.visit(Desugar.java:3730)
	at org.wso2.ballerinalang.compiler.tree.expressions.BLangTypeInit.accept(BLangTypeInit.java:62)
	at org.wso2.ballerinalang.compiler.desugar.Desugar.rewriteExpr(Desugar.java:4995)
	at org.wso2.ballerinalang.compiler.desugar.Desugar.visit(Desugar.java:2069)
	at org.wso2.ballerinalang.compiler.tree.statements.BLangAssignment.accept(BLangAssignment.java:81)
	at org.wso2.ballerinalang.compiler.desugar.Desugar.rewrite(Desugar.java:4970)
	at org.wso2.ballerinalang.compiler.desugar.Desugar.rewrite(Desugar.java:5011)
	at org.wso2.ballerinalang.compiler.desugar.Desugar.rewriteStmt(Desugar.java:5021)
	at org.wso2.ballerinalang.compiler.desugar.Desugar.visit(Desugar.java:898)
	at org.wso2.ballerinalang.compiler.tree.BLangBlockFunctionBody.accept(BLangBlockFunctionBody.java:57)
	at org.wso2.ballerinalang.compiler.desugar.Desugar.rewrite(Desugar.java:4970)
	at org.wso2.ballerinalang.compiler.desugar.Desugar.visit(Desugar.java:941)
	at org.wso2.ballerinalang.compiler.tree.BLangFunction.accept(BLangFunction.java:73)
	at org.wso2.ballerinalang.compiler.desugar.Desugar.rewrite(Desugar.java:4970)
	at org.wso2.ballerinalang.compiler.desugar.Desugar.splitInitFunction(Desugar.java:6409)
	at org.wso2.ballerinalang.compiler.desugar.Desugar.visit(Desugar.java:663)
	at org.wso2.ballerinalang.compiler.tree.BLangPackage.accept(BLangPackage.java:161)
	at org.wso2.ballerinalang.compiler.desugar.Desugar.rewrite(Desugar.java:4970)
	at org.wso2.ballerinalang.compiler.desugar.Desugar.perform(Desugar.java:360)
	at org.wso2.ballerinalang.compiler.CompilerDriver.desugar(CompilerDriver.java:298)
	at org.wso2.ballerinalang.compiler.CompilerDriver.compile(CompilerDriver.java:257)
	at org.wso2.ballerinalang.compiler.CompilerDriver.compilePackageSymbol(CompilerDriver.java:214)
	at org.wso2.ballerinalang.compiler.CompilerDriver.compilePackage(CompilerDriver.java:131)
	at org.wso2.ballerinalang.compiler.Compiler.compilePackages(Compiler.java:166)
	at org.wso2.ballerinalang.compiler.Compiler.compilePackages(Compiler.java:137)
	at org.ballerinalang.packerina.task.CompileTask.execute(CompileTask.java:66)
	at org.ballerinalang.packerina.TaskExecutor.executeTasks(TaskExecutor.java:38)
	at org.ballerinalang.packerina.cmd.BuildCommand.execute(BuildCommand.java:427)
	at java.util.Optional.ifPresent(Optional.java:159)
	at org.ballerinalang.tool.Main.main(Main.java:57)
 
[2021-01-15 13:48:45,241] SEVERE {b7a.log.crash} - null 
java.lang.NullPointerException
	at org.wso2.ballerinalang.compiler.desugar.Desugar.desugarObjectTypeInit(Desugar.java:3744)
	at org.wso2.ballerinalang.compiler.desugar.Desugar.visit(Desugar.java:3730)
	at org.wso2.ballerinalang.compiler.tree.expressions.BLangTypeInit.accept(BLangTypeInit.java:62)
	at org.wso2.ballerinalang.compiler.desugar.Desugar.rewriteExpr(Desugar.java:4995)
	at org.wso2.ballerinalang.compiler.desugar.Desugar.visit(Desugar.java:1158)
	at org.wso2.ballerinalang.compiler.tree.BLangSimpleVariable.accept(BLangSimpleVariable.java:53)
	at org.wso2.ballerinalang.compiler.desugar.Desugar.rewrite(Desugar.java:4970)
	at org.wso2.ballerinalang.compiler.desugar.Desugar.visit(Desugar.java:1219)
	at org.wso2.ballerinalang.compiler.tree.statements.BLangSimpleVariableDef.accept(BLangSimpleVariableDef.java:46)
	at org.wso2.ballerinalang.compiler.desugar.Desugar.rewrite(Desugar.java:4970)
	at org.wso2.ballerinalang.compiler.desugar.Desugar.rewrite(Desugar.java:5011)
	at org.wso2.ballerinalang.compiler.desugar.Desugar.rewriteStmt(Desugar.java:5021)
	at org.wso2.ballerinalang.compiler.desugar.Desugar.visit(Desugar.java:898)
	at org.wso2.ballerinalang.compiler.tree.BLangBlockFunctionBody.accept(BLangBlockFunctionBody.java:57)
	at org.wso2.ballerinalang.compiler.desugar.Desugar.rewrite(Desugar.java:4970)
	at org.wso2.ballerinalang.compiler.desugar.Desugar.visit(Desugar.java:941)
	at org.wso2.ballerinalang.compiler.tree.BLangFunction.accept(BLangFunction.java:73)
	at org.wso2.ballerinalang.compiler.desugar.Desugar.rewrite(Desugar.java:4970)
	at org.wso2.ballerinalang.compiler.desugar.Desugar.rewrite(Desugar.java:5028)
	at org.wso2.ballerinalang.compiler.desugar.Desugar.visit(Desugar.java:655)
	at org.wso2.ballerinalang.compiler.tree.BLangPackage.accept(BLangPackage.java:161)
	at org.wso2.ballerinalang.compiler.desugar.Desugar.rewrite(Desugar.java:4970)
	at org.wso2.ballerinalang.compiler.desugar.Desugar.perform(Desugar.java:360)
	at org.wso2.ballerinalang.compiler.CompilerDriver.desugar(CompilerDriver.java:298)
	at org.wso2.ballerinalang.compiler.CompilerDriver.compile(CompilerDriver.java:257)
	at org.wso2.ballerinalang.compiler.CompilerDriver.compilePackageSymbol(CompilerDriver.java:214)
	at org.wso2.ballerinalang.compiler.CompilerDriver.compilePackage(CompilerDriver.java:131)
	at org.wso2.ballerinalang.compiler.Compiler.compilePackages(Compiler.java:166)
	at org.wso2.ballerinalang.compiler.Compiler.compilePackages(Compiler.java:137)
	at org.ballerinalang.packerina.task.CompileTask.execute(CompileTask.java:66)
	at org.ballerinalang.packerina.TaskExecutor.executeTasks(TaskExecutor.java:38)
	at org.ballerinalang.packerina.cmd.BuildCommand.execute(BuildCommand.java:427)
	at java.util.Optional.ifPresent(Optional.java:159)
	at org.ballerinalang.tool.Main.main(Main.java:57)
 
[2021-01-15 13:59:30,321] SEVERE {b7a.log.crash} - null 
java.lang.NullPointerException
	at org.wso2.ballerinalang.compiler.desugar.Desugar.desugarObjectTypeInit(Desugar.java:3744)
	at org.wso2.ballerinalang.compiler.desugar.Desugar.visit(Desugar.java:3730)
	at org.wso2.ballerinalang.compiler.tree.expressions.BLangTypeInit.accept(BLangTypeInit.java:62)
	at org.wso2.ballerinalang.compiler.desugar.Desugar.rewriteExpr(Desugar.java:4995)
	at org.wso2.ballerinalang.compiler.desugar.Desugar.visit(Desugar.java:2069)
	at org.wso2.ballerinalang.compiler.tree.statements.BLangAssignment.accept(BLangAssignment.java:81)
	at org.wso2.ballerinalang.compiler.desugar.Desugar.rewrite(Desugar.java:4970)
	at org.wso2.ballerinalang.compiler.desugar.Desugar.rewrite(Desugar.java:5011)
	at org.wso2.ballerinalang.compiler.desugar.Desugar.rewriteStmt(Desugar.java:5021)
	at org.wso2.ballerinalang.compiler.desugar.Desugar.visit(Desugar.java:898)
	at org.wso2.ballerinalang.compiler.tree.BLangBlockFunctionBody.accept(BLangBlockFunctionBody.java:57)
	at org.wso2.ballerinalang.compiler.desugar.Desugar.rewrite(Desugar.java:4970)
	at org.wso2.ballerinalang.compiler.desugar.Desugar.visit(Desugar.java:941)
	at org.wso2.ballerinalang.compiler.tree.BLangFunction.accept(BLangFunction.java:73)
	at org.wso2.ballerinalang.compiler.desugar.Desugar.rewrite(Desugar.java:4970)
	at org.wso2.ballerinalang.compiler.desugar.Desugar.splitInitFunction(Desugar.java:6409)
	at org.wso2.ballerinalang.compiler.desugar.Desugar.visit(Desugar.java:663)
	at org.wso2.ballerinalang.compiler.tree.BLangPackage.accept(BLangPackage.java:161)
	at org.wso2.ballerinalang.compiler.desugar.Desugar.rewrite(Desugar.java:4970)
	at org.wso2.ballerinalang.compiler.desugar.Desugar.perform(Desugar.java:360)
	at org.wso2.ballerinalang.compiler.CompilerDriver.desugar(CompilerDriver.java:298)
	at org.wso2.ballerinalang.compiler.CompilerDriver.compile(CompilerDriver.java:257)
	at org.wso2.ballerinalang.compiler.CompilerDriver.compilePackageSymbol(CompilerDriver.java:214)
	at org.wso2.ballerinalang.compiler.CompilerDriver.compilePackage(CompilerDriver.java:131)
	at org.wso2.ballerinalang.compiler.Compiler.compilePackages(Compiler.java:166)
	at org.wso2.ballerinalang.compiler.Compiler.compilePackages(Compiler.java:137)
	at org.ballerinalang.packerina.task.CompileTask.execute(CompileTask.java:66)
	at org.ballerinalang.packerina.TaskExecutor.executeTasks(TaskExecutor.java:38)
	at org.ballerinalang.packerina.cmd.BuildCommand.execute(BuildCommand.java:427)
	at java.util.Optional.ifPresent(Optional.java:159)
	at org.ballerinalang.tool.Main.main(Main.java:57)
 
[2021-01-15 14:03:19,876] SEVERE {b7a.log.crash} - null 
java.lang.NullPointerException
	at org.wso2.ballerinalang.compiler.desugar.Desugar.desugarObjectTypeInit(Desugar.java:3744)
	at org.wso2.ballerinalang.compiler.desugar.Desugar.visit(Desugar.java:3730)
	at org.wso2.ballerinalang.compiler.tree.expressions.BLangTypeInit.accept(BLangTypeInit.java:62)
	at org.wso2.ballerinalang.compiler.desugar.Desugar.rewriteExpr(Desugar.java:4995)
	at org.wso2.ballerinalang.compiler.desugar.Desugar.visit(Desugar.java:2069)
	at org.wso2.ballerinalang.compiler.tree.statements.BLangAssignment.accept(BLangAssignment.java:81)
	at org.wso2.ballerinalang.compiler.desugar.Desugar.rewrite(Desugar.java:4970)
	at org.wso2.ballerinalang.compiler.desugar.Desugar.rewrite(Desugar.java:5011)
	at org.wso2.ballerinalang.compiler.desugar.Desugar.rewriteStmt(Desugar.java:5021)
	at org.wso2.ballerinalang.compiler.desugar.Desugar.visit(Desugar.java:898)
	at org.wso2.ballerinalang.compiler.tree.BLangBlockFunctionBody.accept(BLangBlockFunctionBody.java:57)
	at org.wso2.ballerinalang.compiler.desugar.Desugar.rewrite(Desugar.java:4970)
	at org.wso2.ballerinalang.compiler.desugar.Desugar.visit(Desugar.java:941)
	at org.wso2.ballerinalang.compiler.tree.BLangFunction.accept(BLangFunction.java:73)
	at org.wso2.ballerinalang.compiler.desugar.Desugar.rewrite(Desugar.java:4970)
	at org.wso2.ballerinalang.compiler.desugar.Desugar.splitInitFunction(Desugar.java:6409)
	at org.wso2.ballerinalang.compiler.desugar.Desugar.visit(Desugar.java:663)
	at org.wso2.ballerinalang.compiler.tree.BLangPackage.accept(BLangPackage.java:161)
	at org.wso2.ballerinalang.compiler.desugar.Desugar.rewrite(Desugar.java:4970)
	at org.wso2.ballerinalang.compiler.desugar.Desugar.perform(Desugar.java:360)
	at org.wso2.ballerinalang.compiler.CompilerDriver.desugar(CompilerDriver.java:298)
	at org.wso2.ballerinalang.compiler.CompilerDriver.compile(CompilerDriver.java:257)
	at org.wso2.ballerinalang.compiler.CompilerDriver.compilePackageSymbol(CompilerDriver.java:214)
	at org.wso2.ballerinalang.compiler.CompilerDriver.compilePackage(CompilerDriver.java:131)
	at org.wso2.ballerinalang.compiler.Compiler.compilePackages(Compiler.java:166)
	at org.wso2.ballerinalang.compiler.Compiler.compilePackages(Compiler.java:137)
	at org.ballerinalang.packerina.task.CompileTask.execute(CompileTask.java:66)
	at org.ballerinalang.packerina.TaskExecutor.executeTasks(TaskExecutor.java:38)
	at org.ballerinalang.packerina.cmd.BuildCommand.execute(BuildCommand.java:427)
	at java.util.Optional.ifPresent(Optional.java:159)
	at org.ballerinalang.tool.Main.main(Main.java:57)
 
[2021-01-15 14:03:51,094] SEVERE {b7a.log.crash} - null 
java.lang.NullPointerException
	at org.wso2.ballerinalang.compiler.desugar.Desugar.desugarObjectTypeInit(Desugar.java:3744)
	at org.wso2.ballerinalang.compiler.desugar.Desugar.visit(Desugar.java:3730)
	at org.wso2.ballerinalang.compiler.tree.expressions.BLangTypeInit.accept(BLangTypeInit.java:62)
	at org.wso2.ballerinalang.compiler.desugar.Desugar.rewriteExpr(Desugar.java:4995)
	at org.wso2.ballerinalang.compiler.desugar.Desugar.visit(Desugar.java:2069)
	at org.wso2.ballerinalang.compiler.tree.statements.BLangAssignment.accept(BLangAssignment.java:81)
	at org.wso2.ballerinalang.compiler.desugar.Desugar.rewrite(Desugar.java:4970)
	at org.wso2.ballerinalang.compiler.desugar.Desugar.rewrite(Desugar.java:5011)
	at org.wso2.ballerinalang.compiler.desugar.Desugar.rewriteStmt(Desugar.java:5021)
	at org.wso2.ballerinalang.compiler.desugar.Desugar.visit(Desugar.java:898)
	at org.wso2.ballerinalang.compiler.tree.BLangBlockFunctionBody.accept(BLangBlockFunctionBody.java:57)
	at org.wso2.ballerinalang.compiler.desugar.Desugar.rewrite(Desugar.java:4970)
	at org.wso2.ballerinalang.compiler.desugar.Desugar.visit(Desugar.java:941)
	at org.wso2.ballerinalang.compiler.tree.BLangFunction.accept(BLangFunction.java:73)
	at org.wso2.ballerinalang.compiler.desugar.Desugar.rewrite(Desugar.java:4970)
	at org.wso2.ballerinalang.compiler.desugar.Desugar.splitInitFunction(Desugar.java:6409)
	at org.wso2.ballerinalang.compiler.desugar.Desugar.visit(Desugar.java:663)
	at org.wso2.ballerinalang.compiler.tree.BLangPackage.accept(BLangPackage.java:161)
	at org.wso2.ballerinalang.compiler.desugar.Desugar.rewrite(Desugar.java:4970)
	at org.wso2.ballerinalang.compiler.desugar.Desugar.perform(Desugar.java:360)
	at org.wso2.ballerinalang.compiler.CompilerDriver.desugar(CompilerDriver.java:298)
	at org.wso2.ballerinalang.compiler.CompilerDriver.compile(CompilerDriver.java:257)
	at org.wso2.ballerinalang.compiler.CompilerDriver.compilePackageSymbol(CompilerDriver.java:214)
	at org.wso2.ballerinalang.compiler.CompilerDriver.compilePackage(CompilerDriver.java:131)
	at org.wso2.ballerinalang.compiler.Compiler.compilePackages(Compiler.java:166)
	at org.wso2.ballerinalang.compiler.Compiler.compilePackages(Compiler.java:137)
	at org.ballerinalang.packerina.task.CompileTask.execute(CompileTask.java:66)
	at org.ballerinalang.packerina.TaskExecutor.executeTasks(TaskExecutor.java:38)
	at org.ballerinalang.packerina.cmd.BuildCommand.execute(BuildCommand.java:427)
	at java.util.Optional.ifPresent(Optional.java:159)
	at org.ballerinalang.tool.Main.main(Main.java:57)
 
[2021-01-15 14:09:16,105] SEVERE {b7a.log.crash} - null 
java.lang.NullPointerException
	at org.wso2.ballerinalang.compiler.desugar.Desugar.desugarObjectTypeInit(Desugar.java:3744)
	at org.wso2.ballerinalang.compiler.desugar.Desugar.visit(Desugar.java:3730)
	at org.wso2.ballerinalang.compiler.tree.expressions.BLangTypeInit.accept(BLangTypeInit.java:62)
	at org.wso2.ballerinalang.compiler.desugar.Desugar.rewriteExpr(Desugar.java:4995)
	at org.wso2.ballerinalang.compiler.desugar.Desugar.visit(Desugar.java:2069)
	at org.wso2.ballerinalang.compiler.tree.statements.BLangAssignment.accept(BLangAssignment.java:81)
	at org.wso2.ballerinalang.compiler.desugar.Desugar.rewrite(Desugar.java:4970)
	at org.wso2.ballerinalang.compiler.desugar.Desugar.rewrite(Desugar.java:5011)
	at org.wso2.ballerinalang.compiler.desugar.Desugar.rewriteStmt(Desugar.java:5021)
	at org.wso2.ballerinalang.compiler.desugar.Desugar.visit(Desugar.java:898)
	at org.wso2.ballerinalang.compiler.tree.BLangBlockFunctionBody.accept(BLangBlockFunctionBody.java:57)
	at org.wso2.ballerinalang.compiler.desugar.Desugar.rewrite(Desugar.java:4970)
	at org.wso2.ballerinalang.compiler.desugar.Desugar.visit(Desugar.java:941)
	at org.wso2.ballerinalang.compiler.tree.BLangFunction.accept(BLangFunction.java:73)
	at org.wso2.ballerinalang.compiler.desugar.Desugar.rewrite(Desugar.java:4970)
	at org.wso2.ballerinalang.compiler.desugar.Desugar.splitInitFunction(Desugar.java:6409)
	at org.wso2.ballerinalang.compiler.desugar.Desugar.visit(Desugar.java:663)
	at org.wso2.ballerinalang.compiler.tree.BLangPackage.accept(BLangPackage.java:161)
	at org.wso2.ballerinalang.compiler.desugar.Desugar.rewrite(Desugar.java:4970)
	at org.wso2.ballerinalang.compiler.desugar.Desugar.perform(Desugar.java:360)
	at org.wso2.ballerinalang.compiler.CompilerDriver.desugar(CompilerDriver.java:298)
	at org.wso2.ballerinalang.compiler.CompilerDriver.compile(CompilerDriver.java:257)
	at org.wso2.ballerinalang.compiler.CompilerDriver.compilePackageSymbol(CompilerDriver.java:214)
	at org.wso2.ballerinalang.compiler.CompilerDriver.compilePackage(CompilerDriver.java:131)
	at org.wso2.ballerinalang.compiler.Compiler.compilePackages(Compiler.java:166)
	at org.wso2.ballerinalang.compiler.Compiler.compilePackages(Compiler.java:137)
	at org.ballerinalang.packerina.task.CompileTask.execute(CompileTask.java:66)
	at org.ballerinalang.packerina.TaskExecutor.executeTasks(TaskExecutor.java:38)
	at org.ballerinalang.packerina.cmd.BuildCommand.execute(BuildCommand.java:427)
	at java.util.Optional.ifPresent(Optional.java:159)
	at org.ballerinalang.tool.Main.main(Main.java:57)
 
[2021-01-15 14:10:48,571] SEVERE {b7a.log.crash} - null 
java.lang.NullPointerException
	at org.wso2.ballerinalang.compiler.desugar.Desugar.desugarObjectTypeInit(Desugar.java:3744)
	at org.wso2.ballerinalang.compiler.desugar.Desugar.visit(Desugar.java:3730)
	at org.wso2.ballerinalang.compiler.tree.expressions.BLangTypeInit.accept(BLangTypeInit.java:62)
	at org.wso2.ballerinalang.compiler.desugar.Desugar.rewriteExpr(Desugar.java:4995)
	at org.wso2.ballerinalang.compiler.desugar.Desugar.visit(Desugar.java:2069)
	at org.wso2.ballerinalang.compiler.tree.statements.BLangAssignment.accept(BLangAssignment.java:81)
	at org.wso2.ballerinalang.compiler.desugar.Desugar.rewrite(Desugar.java:4970)
	at org.wso2.ballerinalang.compiler.desugar.Desugar.rewrite(Desugar.java:5011)
	at org.wso2.ballerinalang.compiler.desugar.Desugar.rewriteStmt(Desugar.java:5021)
	at org.wso2.ballerinalang.compiler.desugar.Desugar.visit(Desugar.java:898)
	at org.wso2.ballerinalang.compiler.tree.BLangBlockFunctionBody.accept(BLangBlockFunctionBody.java:57)
	at org.wso2.ballerinalang.compiler.desugar.Desugar.rewrite(Desugar.java:4970)
	at org.wso2.ballerinalang.compiler.desugar.Desugar.visit(Desugar.java:941)
	at org.wso2.ballerinalang.compiler.tree.BLangFunction.accept(BLangFunction.java:73)
	at org.wso2.ballerinalang.compiler.desugar.Desugar.rewrite(Desugar.java:4970)
	at org.wso2.ballerinalang.compiler.desugar.Desugar.splitInitFunction(Desugar.java:6409)
	at org.wso2.ballerinalang.compiler.desugar.Desugar.visit(Desugar.java:663)
	at org.wso2.ballerinalang.compiler.tree.BLangPackage.accept(BLangPackage.java:161)
	at org.wso2.ballerinalang.compiler.desugar.Desugar.rewrite(Desugar.java:4970)
	at org.wso2.ballerinalang.compiler.desugar.Desugar.perform(Desugar.java:360)
	at org.wso2.ballerinalang.compiler.CompilerDriver.desugar(CompilerDriver.java:298)
	at org.wso2.ballerinalang.compiler.CompilerDriver.compile(CompilerDriver.java:257)
	at org.wso2.ballerinalang.compiler.CompilerDriver.compilePackageSymbol(CompilerDriver.java:214)
	at org.wso2.ballerinalang.compiler.CompilerDriver.compilePackage(CompilerDriver.java:131)
	at org.wso2.ballerinalang.compiler.Compiler.compilePackages(Compiler.java:166)
	at org.wso2.ballerinalang.compiler.Compiler.compilePackages(Compiler.java:137)
	at org.ballerinalang.packerina.task.CompileTask.execute(CompileTask.java:66)
	at org.ballerinalang.packerina.TaskExecutor.executeTasks(TaskExecutor.java:38)
	at org.ballerinalang.packerina.cmd.BuildCommand.execute(BuildCommand.java:427)
	at java.util.Optional.ifPresent(Optional.java:159)
	at org.ballerinalang.tool.Main.main(Main.java:57)
 
[2021-01-15 14:34:22,429] SEVERE {b7a.log.crash} - null 
java.lang.NullPointerException
	at org.wso2.ballerinalang.compiler.desugar.Desugar.desugarObjectTypeInit(Desugar.java:3744)
	at org.wso2.ballerinalang.compiler.desugar.Desugar.visit(Desugar.java:3730)
	at org.wso2.ballerinalang.compiler.tree.expressions.BLangTypeInit.accept(BLangTypeInit.java:62)
	at org.wso2.ballerinalang.compiler.desugar.Desugar.rewriteExpr(Desugar.java:4995)
	at org.wso2.ballerinalang.compiler.desugar.Desugar.visit(Desugar.java:2069)
	at org.wso2.ballerinalang.compiler.tree.statements.BLangAssignment.accept(BLangAssignment.java:81)
	at org.wso2.ballerinalang.compiler.desugar.Desugar.rewrite(Desugar.java:4970)
	at org.wso2.ballerinalang.compiler.desugar.Desugar.rewrite(Desugar.java:5011)
	at org.wso2.ballerinalang.compiler.desugar.Desugar.rewriteStmt(Desugar.java:5021)
	at org.wso2.ballerinalang.compiler.desugar.Desugar.visit(Desugar.java:898)
	at org.wso2.ballerinalang.compiler.tree.BLangBlockFunctionBody.accept(BLangBlockFunctionBody.java:57)
	at org.wso2.ballerinalang.compiler.desugar.Desugar.rewrite(Desugar.java:4970)
	at org.wso2.ballerinalang.compiler.desugar.Desugar.visit(Desugar.java:941)
	at org.wso2.ballerinalang.compiler.tree.BLangFunction.accept(BLangFunction.java:73)
	at org.wso2.ballerinalang.compiler.desugar.Desugar.rewrite(Desugar.java:4970)
	at org.wso2.ballerinalang.compiler.desugar.Desugar.splitInitFunction(Desugar.java:6409)
	at org.wso2.ballerinalang.compiler.desugar.Desugar.visit(Desugar.java:663)
	at org.wso2.ballerinalang.compiler.tree.BLangPackage.accept(BLangPackage.java:161)
	at org.wso2.ballerinalang.compiler.desugar.Desugar.rewrite(Desugar.java:4970)
	at org.wso2.ballerinalang.compiler.desugar.Desugar.perform(Desugar.java:360)
	at org.wso2.ballerinalang.compiler.CompilerDriver.desugar(CompilerDriver.java:298)
	at org.wso2.ballerinalang.compiler.CompilerDriver.compile(CompilerDriver.java:257)
	at org.wso2.ballerinalang.compiler.CompilerDriver.compilePackageSymbol(CompilerDriver.java:214)
	at org.wso2.ballerinalang.compiler.CompilerDriver.compilePackage(CompilerDriver.java:131)
	at org.wso2.ballerinalang.compiler.Compiler.compilePackages(Compiler.java:166)
	at org.wso2.ballerinalang.compiler.Compiler.compilePackages(Compiler.java:137)
	at org.ballerinalang.packerina.task.CompileTask.execute(CompileTask.java:66)
	at org.ballerinalang.packerina.TaskExecutor.executeTasks(TaskExecutor.java:38)
	at org.ballerinalang.packerina.cmd.BuildCommand.execute(BuildCommand.java:427)
	at java.util.Optional.ifPresent(Optional.java:159)
	at org.ballerinalang.tool.Main.main(Main.java:57)
 
[2021-01-15 15:10:50,614] SEVERE {b7a.log.crash} - null 
java.lang.NullPointerException
	at org.wso2.ballerinalang.compiler.desugar.Desugar.desugarObjectTypeInit(Desugar.java:3744)
	at org.wso2.ballerinalang.compiler.desugar.Desugar.visit(Desugar.java:3730)
	at org.wso2.ballerinalang.compiler.tree.expressions.BLangTypeInit.accept(BLangTypeInit.java:62)
	at org.wso2.ballerinalang.compiler.desugar.Desugar.rewriteExpr(Desugar.java:4995)
	at org.wso2.ballerinalang.compiler.desugar.Desugar.visit(Desugar.java:2069)
	at org.wso2.ballerinalang.compiler.tree.statements.BLangAssignment.accept(BLangAssignment.java:81)
	at org.wso2.ballerinalang.compiler.desugar.Desugar.rewrite(Desugar.java:4970)
	at org.wso2.ballerinalang.compiler.desugar.Desugar.rewrite(Desugar.java:5011)
	at org.wso2.ballerinalang.compiler.desugar.Desugar.rewriteStmt(Desugar.java:5021)
	at org.wso2.ballerinalang.compiler.desugar.Desugar.visit(Desugar.java:898)
	at org.wso2.ballerinalang.compiler.tree.BLangBlockFunctionBody.accept(BLangBlockFunctionBody.java:57)
	at org.wso2.ballerinalang.compiler.desugar.Desugar.rewrite(Desugar.java:4970)
	at org.wso2.ballerinalang.compiler.desugar.Desugar.visit(Desugar.java:941)
	at org.wso2.ballerinalang.compiler.tree.BLangFunction.accept(BLangFunction.java:73)
	at org.wso2.ballerinalang.compiler.desugar.Desugar.rewrite(Desugar.java:4970)
	at org.wso2.ballerinalang.compiler.desugar.Desugar.splitInitFunction(Desugar.java:6409)
	at org.wso2.ballerinalang.compiler.desugar.Desugar.visit(Desugar.java:663)
	at org.wso2.ballerinalang.compiler.tree.BLangPackage.accept(BLangPackage.java:161)
	at org.wso2.ballerinalang.compiler.desugar.Desugar.rewrite(Desugar.java:4970)
	at org.wso2.ballerinalang.compiler.desugar.Desugar.perform(Desugar.java:360)
	at org.wso2.ballerinalang.compiler.CompilerDriver.desugar(CompilerDriver.java:298)
	at org.wso2.ballerinalang.compiler.CompilerDriver.compile(CompilerDriver.java:257)
	at org.wso2.ballerinalang.compiler.CompilerDriver.compilePackageSymbol(CompilerDriver.java:214)
	at org.wso2.ballerinalang.compiler.CompilerDriver.compilePackage(CompilerDriver.java:131)
	at org.wso2.ballerinalang.compiler.Compiler.compilePackages(Compiler.java:166)
	at org.wso2.ballerinalang.compiler.Compiler.compilePackages(Compiler.java:137)
	at org.ballerinalang.packerina.task.CompileTask.execute(CompileTask.java:66)
	at org.ballerinalang.packerina.TaskExecutor.executeTasks(TaskExecutor.java:38)
	at org.ballerinalang.packerina.cmd.BuildCommand.execute(BuildCommand.java:427)
	at java.util.Optional.ifPresent(Optional.java:159)
	at org.ballerinalang.tool.Main.main(Main.java:57)
 
[2021-01-15 15:11:31,788] SEVERE {b7a.log.crash} - null 
java.lang.NullPointerException
	at org.wso2.ballerinalang.compiler.desugar.Desugar.desugarObjectTypeInit(Desugar.java:3744)
	at org.wso2.ballerinalang.compiler.desugar.Desugar.visit(Desugar.java:3730)
	at org.wso2.ballerinalang.compiler.tree.expressions.BLangTypeInit.accept(BLangTypeInit.java:62)
	at org.wso2.ballerinalang.compiler.desugar.Desugar.rewriteExpr(Desugar.java:4995)
	at org.wso2.ballerinalang.compiler.desugar.Desugar.visit(Desugar.java:2069)
	at org.wso2.ballerinalang.compiler.tree.statements.BLangAssignment.accept(BLangAssignment.java:81)
	at org.wso2.ballerinalang.compiler.desugar.Desugar.rewrite(Desugar.java:4970)
	at org.wso2.ballerinalang.compiler.desugar.Desugar.rewrite(Desugar.java:5011)
	at org.wso2.ballerinalang.compiler.desugar.Desugar.rewriteStmt(Desugar.java:5021)
	at org.wso2.ballerinalang.compiler.desugar.Desugar.visit(Desugar.java:898)
	at org.wso2.ballerinalang.compiler.tree.BLangBlockFunctionBody.accept(BLangBlockFunctionBody.java:57)
	at org.wso2.ballerinalang.compiler.desugar.Desugar.rewrite(Desugar.java:4970)
	at org.wso2.ballerinalang.compiler.desugar.Desugar.visit(Desugar.java:941)
	at org.wso2.ballerinalang.compiler.tree.BLangFunction.accept(BLangFunction.java:73)
	at org.wso2.ballerinalang.compiler.desugar.Desugar.rewrite(Desugar.java:4970)
	at org.wso2.ballerinalang.compiler.desugar.Desugar.splitInitFunction(Desugar.java:6409)
	at org.wso2.ballerinalang.compiler.desugar.Desugar.visit(Desugar.java:663)
	at org.wso2.ballerinalang.compiler.tree.BLangPackage.accept(BLangPackage.java:161)
	at org.wso2.ballerinalang.compiler.desugar.Desugar.rewrite(Desugar.java:4970)
	at org.wso2.ballerinalang.compiler.desugar.Desugar.perform(Desugar.java:360)
	at org.wso2.ballerinalang.compiler.CompilerDriver.desugar(CompilerDriver.java:298)
	at org.wso2.ballerinalang.compiler.CompilerDriver.compile(CompilerDriver.java:257)
	at org.wso2.ballerinalang.compiler.CompilerDriver.compilePackageSymbol(CompilerDriver.java:214)
	at org.wso2.ballerinalang.compiler.CompilerDriver.compilePackage(CompilerDriver.java:131)
	at org.wso2.ballerinalang.compiler.Compiler.compilePackages(Compiler.java:166)
	at org.wso2.ballerinalang.compiler.Compiler.compilePackages(Compiler.java:137)
	at org.ballerinalang.packerina.task.CompileTask.execute(CompileTask.java:66)
	at org.ballerinalang.packerina.TaskExecutor.executeTasks(TaskExecutor.java:38)
	at org.ballerinalang.packerina.cmd.BuildCommand.execute(BuildCommand.java:427)
	at java.util.Optional.ifPresent(Optional.java:159)
	at org.ballerinalang.tool.Main.main(Main.java:57)
 
[2021-01-15 15:26:08,842] SEVERE {b7a.log.crash} - null 
java.lang.NullPointerException
	at org.wso2.ballerinalang.compiler.desugar.Desugar.desugarObjectTypeInit(Desugar.java:3744)
	at org.wso2.ballerinalang.compiler.desugar.Desugar.visit(Desugar.java:3730)
	at org.wso2.ballerinalang.compiler.tree.expressions.BLangTypeInit.accept(BLangTypeInit.java:62)
	at org.wso2.ballerinalang.compiler.desugar.Desugar.rewriteExpr(Desugar.java:4995)
	at org.wso2.ballerinalang.compiler.desugar.Desugar.visit(Desugar.java:2069)
	at org.wso2.ballerinalang.compiler.tree.statements.BLangAssignment.accept(BLangAssignment.java:81)
	at org.wso2.ballerinalang.compiler.desugar.Desugar.rewrite(Desugar.java:4970)
	at org.wso2.ballerinalang.compiler.desugar.Desugar.rewrite(Desugar.java:5011)
	at org.wso2.ballerinalang.compiler.desugar.Desugar.rewriteStmt(Desugar.java:5021)
	at org.wso2.ballerinalang.compiler.desugar.Desugar.visit(Desugar.java:898)
	at org.wso2.ballerinalang.compiler.tree.BLangBlockFunctionBody.accept(BLangBlockFunctionBody.java:57)
	at org.wso2.ballerinalang.compiler.desugar.Desugar.rewrite(Desugar.java:4970)
	at org.wso2.ballerinalang.compiler.desugar.Desugar.visit(Desugar.java:941)
	at org.wso2.ballerinalang.compiler.tree.BLangFunction.accept(BLangFunction.java:73)
	at org.wso2.ballerinalang.compiler.desugar.Desugar.rewrite(Desugar.java:4970)
	at org.wso2.ballerinalang.compiler.desugar.Desugar.splitInitFunction(Desugar.java:6409)
	at org.wso2.ballerinalang.compiler.desugar.Desugar.visit(Desugar.java:663)
	at org.wso2.ballerinalang.compiler.tree.BLangPackage.accept(BLangPackage.java:161)
	at org.wso2.ballerinalang.compiler.desugar.Desugar.rewrite(Desugar.java:4970)
	at org.wso2.ballerinalang.compiler.desugar.Desugar.perform(Desugar.java:360)
	at org.wso2.ballerinalang.compiler.CompilerDriver.desugar(CompilerDriver.java:298)
	at org.wso2.ballerinalang.compiler.CompilerDriver.compile(CompilerDriver.java:257)
	at org.wso2.ballerinalang.compiler.CompilerDriver.compilePackageSymbol(CompilerDriver.java:214)
	at org.wso2.ballerinalang.compiler.CompilerDriver.compilePackage(CompilerDriver.java:131)
	at org.wso2.ballerinalang.compiler.Compiler.compilePackages(Compiler.java:166)
	at org.wso2.ballerinalang.compiler.Compiler.compilePackages(Compiler.java:137)
	at org.ballerinalang.packerina.task.CompileTask.execute(CompileTask.java:66)
	at org.ballerinalang.packerina.TaskExecutor.executeTasks(TaskExecutor.java:38)
	at org.ballerinalang.packerina.cmd.BuildCommand.execute(BuildCommand.java:427)
	at java.util.Optional.ifPresent(Optional.java:159)
	at org.ballerinalang.tool.Main.main(Main.java:57)
 
[2021-01-15 15:27:02,457] SEVERE {b7a.log.crash} - null 
java.lang.NullPointerException
	at org.wso2.ballerinalang.compiler.desugar.Desugar.desugarObjectTypeInit(Desugar.java:3744)
	at org.wso2.ballerinalang.compiler.desugar.Desugar.visit(Desugar.java:3730)
	at org.wso2.ballerinalang.compiler.tree.expressions.BLangTypeInit.accept(BLangTypeInit.java:62)
	at org.wso2.ballerinalang.compiler.desugar.Desugar.rewriteExpr(Desugar.java:4995)
	at org.wso2.ballerinalang.compiler.desugar.Desugar.visit(Desugar.java:2069)
	at org.wso2.ballerinalang.compiler.tree.statements.BLangAssignment.accept(BLangAssignment.java:81)
	at org.wso2.ballerinalang.compiler.desugar.Desugar.rewrite(Desugar.java:4970)
	at org.wso2.ballerinalang.compiler.desugar.Desugar.rewrite(Desugar.java:5011)
	at org.wso2.ballerinalang.compiler.desugar.Desugar.rewriteStmt(Desugar.java:5021)
	at org.wso2.ballerinalang.compiler.desugar.Desugar.visit(Desugar.java:898)
	at org.wso2.ballerinalang.compiler.tree.BLangBlockFunctionBody.accept(BLangBlockFunctionBody.java:57)
	at org.wso2.ballerinalang.compiler.desugar.Desugar.rewrite(Desugar.java:4970)
	at org.wso2.ballerinalang.compiler.desugar.Desugar.visit(Desugar.java:941)
	at org.wso2.ballerinalang.compiler.tree.BLangFunction.accept(BLangFunction.java:73)
	at org.wso2.ballerinalang.compiler.desugar.Desugar.rewrite(Desugar.java:4970)
	at org.wso2.ballerinalang.compiler.desugar.Desugar.splitInitFunction(Desugar.java:6409)
	at org.wso2.ballerinalang.compiler.desugar.Desugar.visit(Desugar.java:663)
	at org.wso2.ballerinalang.compiler.tree.BLangPackage.accept(BLangPackage.java:161)
	at org.wso2.ballerinalang.compiler.desugar.Desugar.rewrite(Desugar.java:4970)
	at org.wso2.ballerinalang.compiler.desugar.Desugar.perform(Desugar.java:360)
	at org.wso2.ballerinalang.compiler.CompilerDriver.desugar(CompilerDriver.java:298)
	at org.wso2.ballerinalang.compiler.CompilerDriver.compile(CompilerDriver.java:257)
	at org.wso2.ballerinalang.compiler.CompilerDriver.compilePackageSymbol(CompilerDriver.java:214)
	at org.wso2.ballerinalang.compiler.CompilerDriver.compilePackage(CompilerDriver.java:131)
	at org.wso2.ballerinalang.compiler.Compiler.compilePackages(Compiler.java:166)
	at org.wso2.ballerinalang.compiler.Compiler.compilePackages(Compiler.java:137)
	at org.ballerinalang.packerina.task.CompileTask.execute(CompileTask.java:66)
	at org.ballerinalang.packerina.TaskExecutor.executeTasks(TaskExecutor.java:38)
	at org.ballerinalang.packerina.cmd.BuildCommand.execute(BuildCommand.java:427)
	at java.util.Optional.ifPresent(Optional.java:159)
	at org.ballerinalang.tool.Main.main(Main.java:57)
 
[2021-01-15 16:11:45,401] SEVERE {b7a.log.crash} - null 
java.lang.NullPointerException
	at org.wso2.ballerinalang.compiler.desugar.Desugar.desugarObjectTypeInit(Desugar.java:3744)
	at org.wso2.ballerinalang.compiler.desugar.Desugar.visit(Desugar.java:3730)
	at org.wso2.ballerinalang.compiler.tree.expressions.BLangTypeInit.accept(BLangTypeInit.java:62)
	at org.wso2.ballerinalang.compiler.desugar.Desugar.rewriteExpr(Desugar.java:4995)
	at org.wso2.ballerinalang.compiler.desugar.Desugar.visit(Desugar.java:1158)
	at org.wso2.ballerinalang.compiler.tree.BLangSimpleVariable.accept(BLangSimpleVariable.java:53)
	at org.wso2.ballerinalang.compiler.desugar.Desugar.rewrite(Desugar.java:4970)
	at org.wso2.ballerinalang.compiler.desugar.Desugar.visit(Desugar.java:1219)
	at org.wso2.ballerinalang.compiler.tree.statements.BLangSimpleVariableDef.accept(BLangSimpleVariableDef.java:46)
	at org.wso2.ballerinalang.compiler.desugar.Desugar.rewrite(Desugar.java:4970)
	at org.wso2.ballerinalang.compiler.desugar.Desugar.rewrite(Desugar.java:5011)
	at org.wso2.ballerinalang.compiler.desugar.Desugar.rewriteStmt(Desugar.java:5021)
	at org.wso2.ballerinalang.compiler.desugar.Desugar.visit(Desugar.java:898)
	at org.wso2.ballerinalang.compiler.tree.BLangBlockFunctionBody.accept(BLangBlockFunctionBody.java:57)
	at org.wso2.ballerinalang.compiler.desugar.Desugar.rewrite(Desugar.java:4970)
	at org.wso2.ballerinalang.compiler.desugar.Desugar.visit(Desugar.java:941)
	at org.wso2.ballerinalang.compiler.tree.BLangFunction.accept(BLangFunction.java:73)
	at org.wso2.ballerinalang.compiler.desugar.Desugar.rewrite(Desugar.java:4970)
	at org.wso2.ballerinalang.compiler.desugar.Desugar.rewrite(Desugar.java:5028)
	at org.wso2.ballerinalang.compiler.desugar.Desugar.visit(Desugar.java:655)
	at org.wso2.ballerinalang.compiler.tree.BLangPackage.accept(BLangPackage.java:161)
	at org.wso2.ballerinalang.compiler.desugar.Desugar.rewrite(Desugar.java:4970)
	at org.wso2.ballerinalang.compiler.desugar.Desugar.perform(Desugar.java:360)
	at org.wso2.ballerinalang.compiler.CompilerDriver.desugar(CompilerDriver.java:298)
	at org.wso2.ballerinalang.compiler.CompilerDriver.compile(CompilerDriver.java:257)
	at org.wso2.ballerinalang.compiler.CompilerDriver.compilePackageSymbol(CompilerDriver.java:214)
	at org.wso2.ballerinalang.compiler.CompilerDriver.compilePackage(CompilerDriver.java:131)
	at org.wso2.ballerinalang.compiler.Compiler.compilePackages(Compiler.java:166)
	at org.wso2.ballerinalang.compiler.Compiler.compilePackages(Compiler.java:137)
	at org.ballerinalang.packerina.task.CompileTask.execute(CompileTask.java:66)
	at org.ballerinalang.packerina.TaskExecutor.executeTasks(TaskExecutor.java:38)
	at org.ballerinalang.packerina.cmd.BuildCommand.execute(BuildCommand.java:427)
	at java.util.Optional.ifPresent(Optional.java:159)
	at org.ballerinalang.tool.Main.main(Main.java:57)
 
